0 info it worked if it ends with ok
1 verbose cli [ 'C:\\Program Files\\nodejs\\node.exe',
1 verbose cli   'C:\\Program Files\\nodejs\\node_modules\\npm\\bin\\npm-cli.js',
1 verbose cli   'start' ]
2 info using npm@3.10.8
3 info using node@v6.9.1
4 verbose run-script [ 'prestart', 'start', 'poststart' ]
5 info lifecycle rolli-polli@1.0.0~prestart: rolli-polli@1.0.0
6 silly lifecycle rolli-polli@1.0.0~prestart: no script for prestart, continuing
7 info lifecycle rolli-polli@1.0.0~start: rolli-polli@1.0.0
8 verbose lifecycle rolli-polli@1.0.0~start: unsafe-perm in lifecycle true
9 verbose lifecycle rolli-polli@1.0.0~start: PATH: C:\Program Files\nodejs\node_modules\npm\bin\node-gyp-bin;C:\Users\Zach\webdev\freecodecamp\backend-api-projects\rolli-polli\node_modules\.bin;C:\ProgramData\Oracle\Java\javapath;C:\Python27\;C:\Python27\Scripts;C:\WINDOWS\system32;C:\WINDOWS;C:\WINDOWS\System32\Wbem;C:\WINDOWS\System32\WindowsPowerShell\v1.0\;C:\Program Files\Git\cmd;C:\Program Files (x86)\Brackets\command;C:\Program Files\nodejs\;C:\Program Files (x86)\Heroku\bin;C:\Program Files (x86)\git\cmd;C:\Program Files (x86)\Git\cmd;C:\Program Files (x86)\Windows Kits\8.1\Windows Performance Toolkit\;C:\Program Files (x86)\Skype\Phone\;C:\Program Files\Intel\WiFi\bin\;C:\Program Files\Common Files\Intel\WirelessCommon\;C:\ProgramData\ComposerSetup\bin;C:\Users\Zach\AppData\Local\Microsoft\WindowsApps;C:\Program Files (x86)\Google\google_appengine\;C:\Users\Zach\AppData\Local\Google\Cloud SDK\google-cloud-sdk\bin;C:\Program Files (x86)\Microsoft VS Code\bin;C:\Users\Zach\AppData\Roaming\npm;C:\Users\Zach\webdev\wamp\bin\php\php7.0.4;C:\Users\Zach\AppData\Roaming\Composer\vendor\bin;C:\Users\Zach\webdev\wamp\bin\mysql\mysql5.7.11\bin;C:\Users\Zach\Downloads\nc111nt_safe
10 verbose lifecycle rolli-polli@1.0.0~start: CWD: C:\Users\Zach\webdev\freecodecamp\backend-api-projects\rolli-polli
11 silly lifecycle rolli-polli@1.0.0~start: Args: [ '/d /s /c', 'node server/app.js' ]
12 silly lifecycle rolli-polli@1.0.0~start: Returned: code: 1  signal: null
13 info lifecycle rolli-polli@1.0.0~start: Failed to exec start script
14 verbose stack Error: rolli-polli@1.0.0 start: `node server/app.js`
14 verbose stack Exit status 1
14 verbose stack     at EventEmitter.<anonymous> (C:\Program Files\nodejs\node_modules\npm\lib\utils\lifecycle.js:255:16)
14 verbose stack     at emitTwo (events.js:106:13)
14 verbose stack     at EventEmitter.emit (events.js:191:7)
14 verbose stack     at ChildProcess.<anonymous> (C:\Program Files\nodejs\node_modules\npm\lib\utils\spawn.js:40:14)
14 verbose stack     at emitTwo (events.js:106:13)
14 verbose stack     at ChildProcess.emit (events.js:191:7)
14 verbose stack     at maybeClose (internal/child_process.js:877:16)
14 verbose stack     at Process.ChildProcess._handle.onexit (internal/child_process.js:226:5)
15 verbose pkgid rolli-polli@1.0.0
16 verbose cwd C:\Users\Zach\webdev\freecodecamp\backend-api-projects\rolli-polli
17 error Windows_NT 10.0.14393
18 error argv "C:\\Program Files\\nodejs\\node.exe" "C:\\Program Files\\nodejs\\node_modules\\npm\\bin\\npm-cli.js" "start"
19 error node v6.9.1
20 error npm  v3.10.8
21 error code ELIFECYCLE
22 error rolli-polli@1.0.0 start: `node server/app.js`
22 error Exit status 1
23 error Failed at the rolli-polli@1.0.0 start script 'node server/app.js'.
23 error Make sure you have the latest version of node.js and npm installed.
23 error If you do, this is most likely a problem with the rolli-polli package,
23 error not with npm itself.
23 error Tell the author that this fails on your system:
23 error     node server/app.js
23 error You can get information on how to open an issue for this project with:
23 error     npm bugs rolli-polli
23 error Or if that isn't available, you can get their info via:
23 error     npm owner ls rolli-polli
23 error There is likely additional logging output above.
24 verbose exit [ 1, true ]
